<?xml version="1.0" encoding="UTF-8"?>
<!-- Generated by org.testng.reporters.JUnitReportReporter -->
<testsuite skipped="0" hostname="WINCTRL-83P9HR2" name="aug18.Aug18" tests="1" failures="0" timestamp="18 Aug 2018 09:58:34 GMT" time="47.534" errors="0">
  <testcase name="display" time="47.534" classname="aug18.Aug18"/>
</testsuite> <!-- aug18.Aug18 -->
